<?xml version="1.0" encoding="UTF-8"?>
<testsuite xmlns:xsi="http://www.w3.org/2001/XMLSchema-instance" xsi:noNamespaceSchemaLocation="https://maven.apache.org/surefire/maven-surefire-plugin/xsd/surefire-test-report.xsd" name="net.guides.springboot2.springboot2jpacrudexample.EmployeeControllerIntegrationTest" time="6.671" tests="6" errors="2" skipped="0" failures="3">
  <properties>
[...]
</properties>
  <testcase name="testDeleteEmployee" classname="net.guides.springboot2.springboot2jpacrudexample.EmployeeControllerIntegrationTest" time="0.954">
    <failure type="java.lang.AssertionError">java.lang.AssertionError
	at net.guides.springboot2.springboot2jpacrudexample.EmployeeControllerIntegrationTest.testDeleteEmployee(EmployeeControllerIntegrationTest.java:87)
</failure>
    <system-out><![CDATA[2020-03-27 11:21:53.604  INFO 9124 --- [           main] .b.t.c.SpringBootTestContextBootstrapper : Neither @ContextConfiguration nor @ContextHierarchy found for test class [net.guides.springboot2.springboot2jpacrudexample.EmployeeControllerIntegrationTest], using SpringBootContextLoader
2020-03-27 11:21:53.605  INFO 9124 --- [           main] o.s.t.c.support.AbstractContextLoader    : Could not detect default resource locations for test class [net.guides.springboot2.springboot2jpacrudexample.EmployeeControllerIntegrationTest]: no resource found for suffixes {-context.xml, Context.groovy}.
2020-03-27 11:21:53.608  INFO 9124 --- [           main] .b.t.c.SpringBootTestContextBootstrapper : Loaded default TestExecutionListener class names from location [META-INF/spring.factories]: [org.springframework.boot.test.mock.mockito.MockitoTestExecutionListener, org.springframework.boot.test.mock.mockito.ResetMocksTestExecutionListener, org.springframework.boot.test.autoconfigure.restdocs.RestDocsTestExecutionListener, org.springframework.boot.test.autoconfigure.web.client.MockRestServiceServerResetTestExecutionListener, org.springframework.boot.test.autoconfigure.web.servlet.MockMvcPrintOnlyOnFailureTestExecutionListener, org.springframework.boot.test.autoconfigure.web.servlet.WebDriverTestExecutionListener, org.springframework.test.context.web.ServletTestExecutionListener, org.springframework.test.context.support.DirtiesContextBeforeModesTestExecutionListener, org.springframework.test.context.support.DependencyInjectionTestExecutionListener, org.springframework.test.context.support.DirtiesContextTestExecutionListener, org.springframework.test.context.transaction.TransactionalTestExecutionListener, org.springframework.test.context.jdbc.SqlScriptsTestExecutionListener]
2020-03-27 11:21:53.608  INFO 9124 --- [           main] .b.t.c.SpringBootTestContextBootstrapper : Using TestExecutionListeners: [org.springframework.test.context.web.ServletTestExecutionListener@3e28dc96, org.springframework.test.context.support.DirtiesContextBeforeModesTestExecutionListener@44eb2452, org.springframework.boot.test.mock.mockito.MockitoTestExecutionListener@31940704, org.springframework.boot.test.autoconfigure.SpringBootDependencyInjectionTestExecutionListener@e07b4db, org.springframework.test.context.support.DirtiesContextTestExecutionListener@76b305e1, org.springframework.test.context.transaction.TransactionalTestExecutionListener@6be766d1, org.springframework.test.context.jdbc.SqlScriptsTestExecutionListener@7adae08e, org.springframework.boot.test.mock.mockito.ResetMocksTestExecutionListener@49c83262, org.springframework.boot.test.autoconfigure.restdocs.RestDocsTestExecutionListener@273aaab7, org.springframework.boot.test.autoconfigure.web.client.MockRestServiceServerResetTestExecutionListener@77bb916f, org.springframework.boot.test.autoconfigure.web.servlet.MockMvcPrintOnlyOnFailureTestExecutionListener@5a48d186, org.springframework.boot.test.autoconfigure.web.servlet.WebDriverTestExecutionListener@521ba38f]

  .   ____          _            __ _ _
 /\\ / ___'_ __ _ _(_)_ __  __ _ \ \ \ \
( ( )\___ | '_ | '_| | '_ \/ _` | \ \ \ \
 \\/  ___)| |_)| | | | | || (_| |  ) ) ) )
  '  |____| .__|_| |_|_| |_\__, | / / / /
 =========|_|==============|___/=/_/_/_/
 :: Spring Boot ::        (v2.0.5.RELEASE)

2020-03-27 11:21:53.654  INFO 9124 --- [           main] .g.s.s.EmployeeControllerIntegrationTest : Starting EmployeeControllerIntegrationTest on INDIA-Yeswanth with PID 9124 (started by yeswanth.sivakumar in D:\Angular8-SpringBoot-CRUD-Tutorial-master\springboot2-jpa-crud-example)
2020-03-27 11:21:53.655  INFO 9124 --- [           main] .g.s.s.EmployeeControllerIntegrationTest : No active profile set, falling back to default profiles: default
2020-03-27 11:21:53.658  INFO 9124 --- [           main] ConfigServletWebServerApplicationContext : Refreshing org.springframework.boot.web.servlet.context.AnnotationConfigServletWebServerApplicationContext@78eafad: startup date [Fri Mar 27 11:21:53 IST 2020]; root of context hierarchy
2020-03-27 11:21:54.348  INFO 9124 --- [           main] trationDelegate$BeanPostProcessorChecker : Bean 'org.springframework.transaction.annotation.ProxyTransactionManagementConfiguration' of type [org.springframework.transaction.annotation.ProxyTransactionManagementConfiguration$$EnhancerBySpringCGLIB$$7cd4d130] is not eligible for getting processed by all BeanPostProcessors (for example: not eligible for auto-proxying)
2020-03-27 11:21:55.391  INFO 9124 --- [           main] o.s.b.w.embedded.tomcat.TomcatWebServer  : Tomcat initialized with port(s): 0 (http)
2020-03-27 11:21:55.855  INFO 9124 --- [           main] o.apache.catalina.core.StandardService   : Starting service [Tomcat]
2020-03-27 11:21:55.855  INFO 9124 --- [           main] org.apache.catalina.core.StandardEngine  : Starting Servlet Engine: Apache Tomcat/8.5.34
2020-03-27 11:21:55.937  INFO 9124 --- [ost-startStop-1] o.a.catalina.core.AprLifecycleListener   : The APR based Apache Tomcat Native library which allows optimal performance in production environments was not found on the java.library.path: [C:\Program Files\Java\jdk1.8.0_241\jre\bin;C:\Windows\Sun\Java\bin;C:\Windows\system32;C:\Windows;C:/Program Files/Java/jdk1.8.0_241/jre/bin/server;C:/Program Files/Java/jdk1.8.0_241/jre/bin;C:/Program Files/Java/jdk1.8.0_241/jre/lib/amd64;C:\Program Files\nodejs\;C:\Users\yeswanth.sivakumar\AppData\Local\Programs\Microsoft VS Code\bin;;C:\Users\yeswanth.sivakumar\Desktop;;.]
2020-03-27 11:21:56.684  INFO 9124 --- [ost-startStop-1] o.a.c.c.C.[.[.[/springboot-crud-rest]    : Initializing Spring embedded WebApplicationContext
2020-03-27 11:21:56.685  INFO 9124 --- [ost-startStop-1] o.s.web.context.ContextLoader            : Root WebApplicationContext: initialization completed in 3026 ms
2020-03-27 11:21:57.655  INFO 9124 --- [ost-startStop-1] o.s.b.w.servlet.FilterRegistrationBean   : Mapping filter: 'characterEncodingFilter' to: [/*]
2020-03-27 11:21:57.657  INFO 9124 --- [ost-startStop-1] o.s.b.w.servlet.FilterRegistrationBean   : Mapping filter: 'webMvcMetricsFilter' to: [/*]
2020-03-27 11:21:57.657  INFO 9124 --- [ost-startStop-1] o.s.b.w.servlet.FilterRegistrationBean   : Mapping filter: 'hiddenHttpMethodFilter' to: [/*]
2020-03-27 11:21:57.659  INFO 9124 --- [ost-startStop-1] o.s.b.w.servlet.FilterRegistrationBean   : Mapping filter: 'httpPutFormContentFilter' to: [/*]
2020-03-27 11:21:57.659  INFO 9124 --- [ost-startStop-1] o.s.b.w.servlet.FilterRegistrationBean   : Mapping filter: 'requestContextFilter' to: [/*]
2020-03-27 11:21:57.659  INFO 9124 --- [ost-startStop-1] o.s.b.w.servlet.FilterRegistrationBean   : Mapping filter: 'httpTraceFilter' to: [/*]
2020-03-27 11:21:57.659  INFO 9124 --- [ost-startStop-1] o.s.b.w.servlet.ServletRegistrationBean  : Servlet dispatcherServlet mapped to [/]
2020-03-27 11:21:57.870  INFO 9124 --- [           main] com.zaxxer.hikari.HikariDataSource       : HikariPool-2 - Starting...
2020-03-27 11:21:57.876  INFO 9124 --- [           main] com.zaxxer.hikari.HikariDataSource       : HikariPool-2 - Start completed.
2020-03-27 11:21:57.901  INFO 9124 --- [           main] j.LocalContainerEntityManagerFactoryBean : Building JPA container EntityManagerFactory for persistence unit 'default'
2020-03-27 11:21:57.901  INFO 9124 --- [           main] o.hibernate.jpa.internal.util.LogHelper  : HHH000204: Processing PersistenceUnitInfo [
	name: default
	...]
2020-03-27 11:21:57.916  INFO 9124 --- [           main] org.hibernate.dialect.Dialect            : HHH000400: Using dialect: org.hibernate.dialect.H2Dialect
2020-03-27 11:21:57.964  INFO 9124 --- [           main] o.h.t.schema.internal.SchemaCreatorImpl  : HHH000476: Executing import script 'org.hibernate.tool.schema.internal.exec.ScriptSourceInputNonExistentImpl@78d23d6a'
2020-03-27 11:21:57.965  INFO 9124 --- [           main] j.LocalContainerEntityManagerFactoryBean : Initialized JPA EntityManagerFactory for persistence unit 'default'
2020-03-27 11:21:58.149  INFO 9124 --- [           main] o.s.w.s.handler.SimpleUrlHandlerMapping  : Mapped URL path [/**/favicon.ico] onto handler of type [class org.springframework.web.servlet.resource.ResourceHttpRequestHandler]
2020-03-27 11:21:58.357  INFO 9124 --- [           main] s.w.s.m.m.a.RequestMappingHandlerAdapter : Looking for @ControllerAdvice: org.springframework.boot.web.servlet.context.AnnotationConfigServletWebServerApplicationContext@78eafad: startup date [Fri Mar 27 11:21:53 IST 2020]; root of context hierarchy
2020-03-27 11:21:58.366  WARN 9124 --- [           main] aWebConfiguration$JpaWebMvcConfiguration : spring.jpa.open-in-view is enabled by default. Therefore, database queries may be performed during view rendering. Explicitly configure spring.jpa.open-in-view to disable this warning
2020-03-27 11:21:58.394  INFO 9124 --- [           main] s.w.s.m.m.a.RequestMappingHandlerMapping : Mapped "{[/api/v1/employees/{id}],methods=[DELETE]}" onto public java.util.Map<java.lang.String, java.lang.Boolean> net.guides.springboot2.springboot2jpacrudexample.controller.EmployeeController.deleteEmployee(java.lang.Long) throws net.guides.springboot2.springboot2jpacrudexample.exception.ResourceNotFoundException
2020-03-27 11:21:58.397  INFO 9124 --- [           main] s.w.s.m.m.a.RequestMappingHandlerMapping : Mapped "{[/api/v1/employees/{id}],methods=[PUT]}" onto public org.springframework.http.ResponseEntity<net.guides.springboot2.springboot2jpacrudexample.model.Employee> net.guides.springboot2.springboot2jpacrudexample.controller.EmployeeController.updateEmployee(java.lang.Long,net.guides.springboot2.springboot2jpacrudexample.model.Employee) throws net.guides.springboot2.springboot2jpacrudexample.exception.ResourceNotFoundException
2020-03-27 11:21:58.401  INFO 9124 --- [           main] s.w.s.m.m.a.RequestMappingHandlerMapping : Mapped "{[/api/v1/employees/{id}],methods=[GET]}" onto public org.springframework.http.ResponseEntity<net.guides.springboot2.springboot2jpacrudexample.model.Employee> net.guides.springboot2.springboot2jpacrudexample.controller.EmployeeController.getEmployeeById(java.lang.Long) throws net.guides.springboot2.springboot2jpacrudexample.exception.ResourceNotFoundException
2020-03-27 11:21:58.401  INFO 9124 --- [           main] s.w.s.m.m.a.RequestMappingHandlerMapping : Mapped "{[/api/v1/employees],methods=[POST]}" onto public net.guides.springboot2.springboot2jpacrudexample.model.Employee net.guides.springboot2.springboot2jpacrudexample.controller.EmployeeController.createEmployee(net.guides.springboot2.springboot2jpacrudexample.model.Employee)
2020-03-27 11:21:58.401  INFO 9124 --- [           main] s.w.s.m.m.a.RequestMappingHandlerMapping : Mapped "{[/api/v1/employees],methods=[GET]}" onto public java.util.List<net.guides.springboot2.springboot2jpacrudexample.model.Employee> net.guides.springboot2.springboot2jpacrudexample.controller.EmployeeController.getAllEmployees()
2020-03-27 11:21:58.407  INFO 9124 --- [           main] s.w.s.m.m.a.RequestMappingHandlerMapping : Mapped "{[/error]}" onto public org.springframework.http.ResponseEntity<java.util.Map<java.lang.String, java.lang.Object>> org.springframework.boot.autoconfigure.web.servlet.error.BasicErrorController.error(javax.servlet.http.HttpServletRequest)
2020-03-27 11:21:58.408  INFO 9124 --- [           main] s.w.s.m.m.a.RequestMappingHandlerMapping : Mapped "{[/error],produces=[text/html]}" onto public org.springframework.web.servlet.ModelAndView org.springframework.boot.autoconfigure.web.servlet.error.BasicErrorController.errorHtml(javax.servlet.http.HttpServletRequest,javax.servlet.http.HttpServletResponse)
2020-03-27 11:21:58.438  INFO 9124 --- [           main] o.s.w.s.handler.SimpleUrlHandlerMapping  : Mapped URL path [/webjars/**] onto handler of type [class org.springframework.web.servlet.resource.ResourceHttpRequestHandler]
2020-03-27 11:21:58.438  INFO 9124 --- [           main] o.s.w.s.handler.SimpleUrlHandlerMapping  : Mapped URL path [/**] onto handler of type [class org.springframework.web.servlet.resource.ResourceHttpRequestHandler]
2020-03-27 11:21:58.454  INFO 9124 --- [           main] .m.m.a.ExceptionHandlerExceptionResolver : Detected @ExceptionHandler methods in globalExceptionHandler
2020-03-27 11:21:58.897  INFO 9124 --- [           main] o.s.b.a.e.web.EndpointLinksResolver      : Exposing 2 endpoint(s) beneath base path '/actuator'
2020-03-27 11:21:58.913  INFO 9124 --- [           main] s.b.a.e.w.s.WebMvcEndpointHandlerMapping : Mapped "{[/actuator/health],methods=[GET],produces=[application/vnd.spring-boot.actuator.v2+json || application/json]}" onto public java.lang.Object org.springframework.boot.actuate.endpoint.web.servlet.AbstractWebMvcEndpointHandlerMapping$OperationHandler.handle(javax.servlet.http.HttpServletRequest,java.util.Map<java.lang.String, java.lang.String>)
2020-03-27 11:21:58.913  INFO 9124 --- [           main] s.b.a.e.w.s.WebMvcEndpointHandlerMapping : Mapped "{[/actuator/info],methods=[GET],produces=[application/vnd.spring-boot.actuator.v2+json || application/json]}" onto public java.lang.Object org.springframework.boot.actuate.endpoint.web.servlet.AbstractWebMvcEndpointHandlerMapping$OperationHandler.handle(javax.servlet.http.HttpServletRequest,java.util.Map<java.lang.String, java.lang.String>)
2020-03-27 11:21:58.914  INFO 9124 --- [           main] s.b.a.e.w.s.WebMvcEndpointHandlerMapping : Mapped "{[/actuator],methods=[GET],produces=[application/vnd.spring-boot.actuator.v2+json || application/json]}" onto protected java.util.Map<java.lang.String, java.util.Map<java.lang.String, org.springframework.boot.actuate.endpoint.web.Link>> org.springframework.boot.actuate.endpoint.web.servlet.WebMvcEndpointHandlerMapping.links(javax.servlet.http.HttpServletRequest,javax.servlet.http.HttpServletResponse)
2020-03-27 11:21:59.294  INFO 9124 --- [           main] o.s.b.w.embedded.tomcat.TomcatWebServer  : Tomcat started on port(s): 50045 (http) with context path '/springboot-crud-rest'
2020-03-27 11:21:59.297  INFO 9124 --- [           main] .g.s.s.EmployeeControllerIntegrationTest : Started EmployeeControllerIntegrationTest in 5.687 seconds (JVM running for 25.03)
]]></system-out>
  </testcase>
  <testcase name="testGetEmployeeById" classname="net.guides.springboot2.springboot2jpacrudexample.EmployeeControllerIntegrationTest" time="0.009">
    <error type="java.lang.NullPointerException">java.lang.NullPointerException
	at net.guides.springboot2.springboot2jpacrudexample.EmployeeControllerIntegrationTest.testGetEmployeeById(EmployeeControllerIntegrationTest.java:54)
</error>
  </testcase>
  <testcase name="testUpdateEmployee" classname="net.guides.springboot2.springboot2jpacrudexample.EmployeeControllerIntegrationTest" time="0.012">
    <error type="java.lang.NullPointerException">java.lang.NullPointerException
	at net.guides.springboot2.springboot2jpacrudexample.EmployeeControllerIntegrationTest.testUpdateEmployee(EmployeeControllerIntegrationTest.java:74)
</error>
  </testcase>
  <testcase name="testCreateEmployee" classname="net.guides.springboot2.springboot2jpacrudexample.EmployeeControllerIntegrationTest" time="0.1">
    <failure type="java.lang.AssertionError">java.lang.AssertionError
	at net.guides.springboot2.springboot2jpacrudexample.EmployeeControllerIntegrationTest.testCreateEmployee(EmployeeControllerIntegrationTest.java:67)
</failure>
  </testcase>
  <testcase name="testGetAllEmployees" classname="net.guides.springboot2.springboot2jpacrudexample.EmployeeControllerIntegrationTest" time="0.007">
    <failure type="java.lang.AssertionError">java.lang.AssertionError
	at net.guides.springboot2.springboot2jpacrudexample.EmployeeControllerIntegrationTest.testGetAllEmployees(EmployeeControllerIntegrationTest.java:48)
</failure>
  </testcase>
  <testcase name="contextLoads" classname="net.guides.springboot2.springboot2jpacrudexample.EmployeeControllerIntegrationTest" time="0.004"/>
</testsuite>